mode: set
esep/grade-calculator/grade_calculator.go:24.37,26.2 1 1
esep/grade-calculator/grade_calculator.go:34.44,41.2 1 1
esep/grade-calculator/grade_calculator.go:43.51,46.26 2 1
esep/grade-calculator/grade_calculator.go:46.26,48.3 1 1
esep/grade-calculator/grade_calculator.go:48.8,48.33 1 1
esep/grade-calculator/grade_calculator.go:48.33,50.3 1 1
esep/grade-calculator/grade_calculator.go:50.8,50.33 1 1
esep/grade-calculator/grade_calculator.go:50.33,52.3 1 1
esep/grade-calculator/grade_calculator.go:52.8,52.33 1 1
esep/grade-calculator/grade_calculator.go:52.33,54.3 1 1
esep/grade-calculator/grade_calculator.go:56.2,56.12 1 1
esep/grade-calculator/grade_calculator.go:59.82,85.2 1 1
esep/grade-calculator/grade_calculator.go:87.58,99.30 4 1
esep/grade-calculator/grade_calculator.go:99.30,100.17 1 1
esep/grade-calculator/grade_calculator.go:101.19,102.50 1 1
esep/grade-calculator/grade_calculator.go:103.13,104.38 1 1
esep/grade-calculator/grade_calculator.go:105.14,106.40 1 1
esep/grade-calculator/grade_calculator.go:110.2,116.28 5 1
esep/grade-calculator/grade_calculator.go:120.41,123.31 2 1
esep/grade-calculator/grade_calculator.go:123.31,125.3 1 1
esep/grade-calculator/grade_calculator.go:127.2,127.26 1 1
